Build started 08/12/2015 13:58:51.
     1>Project "E:\TGPProject\proj.win32\TGPProject.vcxproj" on node 2 (Build target(s)).
     1>ClCompile:
         C:\Program Files (x86)\Microsoft Visual Studio 12.0\VC\bin\CL.exe /c /I"C:\Cocos\frameworks\cocos2d-x-3.8\cocos\audio\include" /I"C:\Cocos\frameworks\cocos2d-x-3.8\external" /I"C:\Cocos\frameworks\cocos2d-x-3.8\external\chipmunk\include\chipmunk" /I"C:\Cocos\frameworks\cocos2d-x-3.8\extensions" /I..\Classes /I.. /I"C:\Cocos\frameworks\cocos2d-x-3.8\cocos\2d\..\..\cocos\editor-support" /I"C:\Cocos\frameworks\cocos2d-x-3.8\cocos\2d\..\..\cocos" /I"C:\Cocos\frameworks\cocos2d-x-3.8\cocos\2d\..\..\cocos\platform" /I"C:\Cocos\frameworks\cocos2d-x-3.8\cocos\2d\..\..\cocos\platform\desktop" /I"C:\Cocos\frameworks\cocos2d-x-3.8\cocos\2d\..\..\external\glfw3\include\win32" /I"C:\Cocos\frameworks\cocos2d-x-3.8\cocos\2d\..\..\external\win32-specific\gles\include\OGLES" /I"C:\Cocos\frameworks\cocos2d-x-3.8\cocos\2d\..\..\external\freetype2\include\win32\freetype2" /I"C:\Cocos\frameworks\cocos2d-x-3.8\cocos\2d\..\..\external\freetype2\include\win32\\" /I"C:\Cocos\frameworks\cocos2d-x-3.8\cocos\2d\..\..\external" /ZI /nologo /W3 /WX- /MP /Od /Oy- /D WIN32 /D _WINDOWS /D _USE_MATH_DEFINES /D GL_GLEXT_PROTOTYPES /D CC_ENABLE_CHIPMUNK_INTEGRATION=1 /D COCOS2D_DEBUG=1 /D _CRT_SECURE_NO_WARNINGS /D _SCL_SECURE_NO_WARNINGS /D _VARIADIC_MAX=10 /D _USING_V110_SDK71_ /D _UNICODE /D UNICODE /Gm- /EHsc /RTC1 /MD /GS /fp:precise /Zc:wchar_t /Zc:forScope /Fo"Debug.win32\\" /Fd"Debug.win32\vc120.pdb" /Gd /TP /wd4267 /wd4251 /wd4244 /analyze- /errorReport:prompt ..\Classes\AppDelegate.cpp ..\Classes\Ball.cpp ..\Classes\GameOverScene.cpp ..\Classes\GameScene.cpp ..\Classes\InstructionsScene.cpp ..\Classes\MainMenuScene.cpp ..\Classes\SplashScene.cpp main.cpp
         AppDelegate.cpp
         Ball.cpp
         GameOverScene.cpp
         GameScene.cpp
         InstructionsScene.cpp
         MainMenuScene.cpp
         SplashScene.cpp
         main.cpp
     1>e:\tgpproject\classes\appdelegate.cpp(40): warning C4305: 'argument' : truncation from 'double' to 'float'
       ResourceCompile:
         C:\Program Files (x86)\Microsoft SDKs\Windows\v7.1A\bin\rc.exe /D _USING_V110_SDK71_ /D _UNICODE /D UNICODE /l"0x0409" /nologo /fo"Debug.win32\game.res" game.rc 
       PreLinkEvent:
         if not exist "E:\TGPProject\proj.win32\Debug.win32\" mkdir "E:\TGPProject\proj.win32\Debug.win32\"
         xcopy /Y /Q "C:\Cocos\frameworks\cocos2d-x-3.8\prebuilt\win32\*.*" "E:\TGPProject\proj.win32\Debug.win32\"
         
         :VCEnd
     1>C:\Program Files (x86)\MSBuild\Microsoft.Cpp\v4.0\V120\Microsoft.CppCommon.targets(127,5): warning MSB5021: "cmd" and its child processes are being terminated in order to cancel the build.
     1>Done Building Project "E:\TGPProject\proj.win32\TGPProject.vcxproj" (Build target(s)) -- FAILED.

Build FAILED.

Time Elapsed 00:01:26.62
